<?xml version="1.0" encoding="UTF-8"?>
<!-- Generated by org.testng.reporters.JUnitReportReporter -->
<testsuite hostname="QSpiders" failures="0" tests="1" name="Com.ShoppersStack_TestScripts.TC02_Verify_user_is_able_to_delete_address_or_not" time="19.593" errors="0" timestamp="2025-08-13T12:36:53 IST" skipped="0">
  <testcase classname="Com.ShoppersStack_TestScripts.TC02_Verify_user_is_able_to_delete_address_or_not" name="deleteAddress" time="19.593"/>
</testsuite> <!-- Com.ShoppersStack_TestScripts.TC02_Verify_user_is_able_to_delete_address_or_not -->
