<?xml version="1.0" encoding="UTF-8"?>
<!-- Generated by org.testng.reporters.JUnitReportReporter -->
<testsuite hostname="QSpiders" failures="0" tests="1" name="Com.ShoppersStack_TestScripts.TC01_Verify_user_is_able_to_add_address_or_not" time="18.401" errors="0" timestamp="2025-08-11T12:18:18 IST" skipped="0">
  <testcase classname="Com.ShoppersStack_TestScripts.TC01_Verify_user_is_able_to_add_address_or_not" name="addAddress" time="18.401"/>
</testsuite> <!-- Com.ShoppersStack_TestScripts.TC01_Verify_user_is_able_to_add_address_or_not -->
